[INFO  2021-08-21T13:37:29,878 net.lightbody.bmp.proxy.Main] (main) Starting BrowserMob Proxy version 2.1.4 
[INFO  2021-08-21T13:37:30,006 org.eclipse.jetty.util.log] (main) jetty-7.x.y-SNAPSHOT 
[INFO  2021-08-21T13:37:30,229 org.eclipse.jetty.util.log] (main) started o.e.j.s.ServletContextHandler{/,null} 
[INFO  2021-08-21T13:37:30,660 org.eclipse.jetty.util.log] (main) Started SelectChannelConnector@0.0.0.0:9080 
[INFO  2021-08-21T13:37:32,452 org.littleshoot.proxy.impl.DefaultHttpProxyServer] (qtp896134613-23) Starting proxy at address: 0.0.0.0/0.0.0.0:8081 
[INFO  2021-08-21T13:37:32,561 org.littleshoot.proxy.impl.DefaultHttpProxyServer] (qtp896134613-23) Proxy listening with TCP transport 
[INFO  2021-08-21T13:37:33,210 org.littleshoot.proxy.impl.DefaultHttpProxyServer] (qtp896134613-23) Proxy started at address: /0:0:0:0:0:0:0:0:8081 
[INFO  2021-08-21T14:30:05,359 org.littleshoot.proxy.impl.ProxyToServerConnection] (LittleProxy-0-ProxyToServerWorker-1) (HANDSHAKING) [id: 0x7a90cce2, L:0.0.0.0/0.0.0.0:60569]: Connection to upstream server failed javax.net.ssl.SSLHandshakeException: PKIX path validation failed: java.security.cert.CertPathValidatorException: validity check failed
	at sun.security.ssl.Alert.createSSLException(Alert.java:131) ~[?:?]
	at sun.security.ssl.TransportContext.fatal(TransportContext.java:369) ~[?:?]
	at sun.security.ssl.TransportContext.fatal(TransportContext.java:312) ~[?:?]
	at sun.security.ssl.TransportContext.fatal(TransportContext.java:307) ~[?:?]
	at sun.security.ssl.CertificateMessage$T12CertificateConsumer.checkServerCerts(CertificateMessage.java:654) ~[?:?]
	at sun.security.ssl.CertificateMessage$T12CertificateConsumer.onCertificate(CertificateMessage.java:473) ~[?:?]
	at sun.security.ssl.CertificateMessage$T12CertificateConsumer.consume(CertificateMessage.java:369) ~[?:?]
	at sun.security.ssl.SSLHandshake.consume(SSLHandshake.java:392) ~[?:?]
	at sun.security.ssl.HandshakeContext.dispatch(HandshakeContext.java:478) ~[?:?]
	at sun.security.ssl.SSLEngineImpl$DelegatedTask$DelegatedAction.run(SSLEngineImpl.java:1081) ~[?:?]
	at sun.security.ssl.SSLEngineImpl$DelegatedTask$DelegatedAction.run(SSLEngineImpl.java:1068) ~[?:?]
	at java.security.AccessController.doPrivileged(Native Method) ~[?:?]
	at sun.security.ssl.SSLEngineImpl$DelegatedTask.run(SSLEngineImpl.java:1015) ~[?:?]
	at io.netty.handler.ssl.SslHandler.runDelegatedTasks(SslHandler.java:1123) [browsermob-dist-2.1.4.jar:?]
	at io.netty.handler.ssl.SslHandler.unwrap(SslHandler.java:1008) [browsermob-dist-2.1.4.jar:?]
	at io.netty.handler.ssl.SslHandler.decode(SslHandler.java:902) [browsermob-dist-2.1.4.jar:?]
	at io.netty.handler.codec.ByteToMessageDecoder.callDecode(ByteToMessageDecoder.java:411) [browsermob-dist-2.1.4.jar:?]
	at io.netty.handler.codec.ByteToMessageDecoder.channelRead(ByteToMessageDecoder.java:248) [browsermob-dist-2.1.4.jar:?]
	at io.netty.channel.AbstractChannelHandlerContext.invokeChannelRead(AbstractChannelHandlerContext.java:373) [browsermob-dist-2.1.4.jar:?]
	at io.netty.channel.AbstractChannelHandlerContext.invokeChannelRead(AbstractChannelHandlerContext.java:359) [browsermob-dist-2.1.4.jar:?]
	at io.netty.channel.AbstractChannelHandlerContext.fireChannelRead(AbstractChannelHandlerContext.java:351) [browsermob-dist-2.1.4.jar:?]
	at io.netty.channel.DefaultChannelPipeline$HeadContext.channelRead(DefaultChannelPipeline.java:1334) [browsermob-dist-2.1.4.jar:?]
	at io.netty.channel.AbstractChannelHandlerContext.invokeChannelRead(AbstractChannelHandlerContext.java:373) [browsermob-dist-2.1.4.jar:?]
	at io.netty.channel.AbstractChannelHandlerContext.invokeChannelRead(AbstractChannelHandlerContext.java:359) [browsermob-dist-2.1.4.jar:?]
	at io.netty.channel.DefaultChannelPipeline.fireChannelRead(DefaultChannelPipeline.java:926) [browsermob-dist-2.1.4.jar:?]
	at io.netty.channel.nio.AbstractNioByteChannel$NioByteUnsafe.read(AbstractNioByteChannel.java:129) [browsermob-dist-2.1.4.jar:?]
	at io.netty.channel.nio.NioEventLoop.processSelectedKey(NioEventLoop.java:651) [browsermob-dist-2.1.4.jar:?]
	at io.netty.channel.nio.NioEventLoop.processSelectedKeysOptimized(NioEventLoop.java:574) [browsermob-dist-2.1.4.jar:?]
	at io.netty.channel.nio.NioEventLoop.processSelectedKeys(NioEventLoop.java:488) [browsermob-dist-2.1.4.jar:?]
	at io.netty.channel.nio.NioEventLoop.run(NioEventLoop.java:450) [browsermob-dist-2.1.4.jar:?]
	at io.netty.util.concurrent.SingleThreadEventExecutor$5.run(SingleThreadEventExecutor.java:873) [browsermob-dist-2.1.4.jar:?]
	at java.lang.Thread.run(Thread.java:834) [?:?]
Caused by: sun.security.validator.ValidatorException: PKIX path validation failed: java.security.cert.CertPathValidatorException: validity check failed
	at sun.security.validator.PKIXValidator.doValidate(PKIXValidator.java:369) ~[?:?]
	at sun.security.validator.PKIXValidator.engineValidate(PKIXValidator.java:275) ~[?:?]
	at sun.security.validator.Validator.validate(Validator.java:264) ~[?:?]
	at sun.security.ssl.X509TrustManagerImpl.validate(X509TrustManagerImpl.java:313) ~[?:?]
	at sun.security.ssl.X509TrustManagerImpl.checkTrusted(X509TrustManagerImpl.java:276) ~[?:?]
	at sun.security.ssl.X509TrustManagerImpl.checkServerTrusted(X509TrustManagerImpl.java:141) ~[?:?]
	at sun.security.ssl.CertificateMessage$T12CertificateConsumer.checkServerCerts(CertificateMessage.java:632) ~[?:?]
	... 27 more
Caused by: java.security.cert.CertPathValidatorException: validity check failed
	at sun.security.provider.certpath.PKIXMasterCertPathValidator.validate(PKIXMasterCertPathValidator.java:135) ~[?:?]
	at sun.security.provider.certpath.PKIXCertPathValidator.validate(PKIXCertPathValidator.java:224) ~[?:?]
	at sun.security.provider.certpath.PKIXCertPathValidator.validate(PKIXCertPathValidator.java:144) ~[?:?]
	at sun.security.provider.certpath.PKIXCertPathValidator.engineValidate(PKIXCertPathValidator.java:83) ~[?:?]
	at java.security.cert.CertPathValidator.validate(CertPathValidator.java:309) ~[?:?]
	at sun.security.validator.PKIXValidator.doValidate(PKIXValidator.java:364) ~[?:?]
	at sun.security.validator.PKIXValidator.engineValidate(PKIXValidator.java:275) ~[?:?]
	at sun.security.validator.Validator.validate(Validator.java:264) ~[?:?]
	at sun.security.ssl.X509TrustManagerImpl.validate(X509TrustManagerImpl.java:313) ~[?:?]
	at sun.security.ssl.X509TrustManagerImpl.checkTrusted(X509TrustManagerImpl.java:276) ~[?:?]
	at sun.security.ssl.X509TrustManagerImpl.checkServerTrusted(X509TrustManagerImpl.java:141) ~[?:?]
	at sun.security.ssl.CertificateMessage$T12CertificateConsumer.checkServerCerts(CertificateMessage.java:632) ~[?:?]
	... 27 more
Caused by: java.security.cert.CertificateExpiredException: NotAfter: Wed Aug 18 22:24:45 ICT 2021
	at sun.security.x509.CertificateValidity.valid(CertificateValidity.java:277) ~[?:?]
	at sun.security.x509.X509CertImpl.checkValidity(X509CertImpl.java:683) ~[?:?]
	at sun.security.provider.certpath.BasicChecker.verifyValidity(BasicChecker.java:190) ~[?:?]
	at sun.security.provider.certpath.BasicChecker.check(BasicChecker.java:144) ~[?:?]
	at sun.security.provider.certpath.PKIXMasterCertPathValidator.validate(PKIXMasterCertPathValidator.java:125) ~[?:?]
	at sun.security.provider.certpath.PKIXCertPathValidator.validate(PKIXCertPathValidator.java:224) ~[?:?]
	at sun.security.provider.certpath.PKIXCertPathValidator.validate(PKIXCertPathValidator.java:144) ~[?:?]
	at sun.security.provider.certpath.PKIXCertPathValidator.engineValidate(PKIXCertPathValidator.java:83) ~[?:?]
	at java.security.cert.CertPathValidator.validate(CertPathValidator.java:309) ~[?:?]
	at sun.security.validator.PKIXValidator.doValidate(PKIXValidator.java:364) ~[?:?]
	at sun.security.validator.PKIXValidator.engineValidate(PKIXValidator.java:275) ~[?:?]
	at sun.security.validator.Validator.validate(Validator.java:264) ~[?:?]
	at sun.security.ssl.X509TrustManagerImpl.validate(X509TrustManagerImpl.java:313) ~[?:?]
	at sun.security.ssl.X509TrustManagerImpl.checkTrusted(X509TrustManagerImpl.java:276) ~[?:?]
	at sun.security.ssl.X509TrustManagerImpl.checkServerTrusted(X509TrustManagerImpl.java:141) ~[?:?]
	at sun.security.ssl.CertificateMessage$T12CertificateConsumer.checkServerCerts(CertificateMessage.java:632) ~[?:?]
	... 27 more

[ERROR 2021-08-21T14:30:05,713 org.littleshoot.proxy.impl.ProxyToServerConnection] (LittleProxy-0-ProxyToServerWorker-1) (DISCONNECTED) [id: 0x7a90cce2, L:0.0.0.0/0.0.0.0:60569]: Caught an exception on ProxyToServerConnection io.netty.handler.codec.DecoderException: javax.net.ssl.SSLHandshakeException: PKIX path validation failed: java.security.cert.CertPathValidatorException: validity check failed
	at io.netty.handler.codec.ByteToMessageDecoder.callDecode(ByteToMessageDecoder.java:442) ~[browsermob-dist-2.1.4.jar:?]
	at io.netty.handler.codec.ByteToMessageDecoder.channelRead(ByteToMessageDecoder.java:248) ~[browsermob-dist-2.1.4.jar:?]
	at io.netty.channel.AbstractChannelHandlerContext.invokeChannelRead(AbstractChannelHandlerContext.java:373) [browsermob-dist-2.1.4.jar:?]
	at io.netty.channel.AbstractChannelHandlerContext.invokeChannelRead(AbstractChannelHandlerContext.java:359) [browsermob-dist-2.1.4.jar:?]
	at io.netty.channel.AbstractChannelHandlerContext.fireChannelRead(AbstractChannelHandlerContext.java:351) [browsermob-dist-2.1.4.jar:?]
	at io.netty.channel.DefaultChannelPipeline$HeadContext.channelRead(DefaultChannelPipeline.java:1334) [browsermob-dist-2.1.4.jar:?]
	at io.netty.channel.AbstractChannelHandlerContext.invokeChannelRead(AbstractChannelHandlerContext.java:373) [browsermob-dist-2.1.4.jar:?]
	at io.netty.channel.AbstractChannelHandlerContext.invokeChannelRead(AbstractChannelHandlerContext.java:359) [browsermob-dist-2.1.4.jar:?]
	at io.netty.channel.DefaultChannelPipeline.fireChannelRead(DefaultChannelPipeline.java:926) [browsermob-dist-2.1.4.jar:?]
	at io.netty.channel.nio.AbstractNioByteChannel$NioByteUnsafe.read(AbstractNioByteChannel.java:129) [browsermob-dist-2.1.4.jar:?]
	at io.netty.channel.nio.NioEventLoop.processSelectedKey(NioEventLoop.java:651) [browsermob-dist-2.1.4.jar:?]
	at io.netty.channel.nio.NioEventLoop.processSelectedKeysOptimized(NioEventLoop.java:574) [browsermob-dist-2.1.4.jar:?]
	at io.netty.channel.nio.NioEventLoop.processSelectedKeys(NioEventLoop.java:488) [browsermob-dist-2.1.4.jar:?]
	at io.netty.channel.nio.NioEventLoop.run(NioEventLoop.java:450) [browsermob-dist-2.1.4.jar:?]
	at io.netty.util.concurrent.SingleThreadEventExecutor$5.run(SingleThreadEventExecutor.java:873) [browsermob-dist-2.1.4.jar:?]
	at java.lang.Thread.run(Thread.java:834) [?:?]
Caused by: javax.net.ssl.SSLHandshakeException: PKIX path validation failed: java.security.cert.CertPathValidatorException: validity check failed
	at sun.security.ssl.Alert.createSSLException(Alert.java:131) ~[?:?]
	at sun.security.ssl.TransportContext.fatal(TransportContext.java:369) ~[?:?]
	at sun.security.ssl.TransportContext.fatal(TransportContext.java:312) ~[?:?]
	at sun.security.ssl.TransportContext.fatal(TransportContext.java:307) ~[?:?]
	at sun.security.ssl.CertificateMessage$T12CertificateConsumer.checkServerCerts(CertificateMessage.java:654) ~[?:?]
	at sun.security.ssl.CertificateMessage$T12CertificateConsumer.onCertificate(CertificateMessage.java:473) ~[?:?]
	at sun.security.ssl.CertificateMessage$T12CertificateConsumer.consume(CertificateMessage.java:369) ~[?:?]
	at sun.security.ssl.SSLHandshake.consume(SSLHandshake.java:392) ~[?:?]
	at sun.security.ssl.HandshakeContext.dispatch(HandshakeContext.java:478) ~[?:?]
	at sun.security.ssl.SSLEngineImpl$DelegatedTask$DelegatedAction.run(SSLEngineImpl.java:1081) ~[?:?]
	at sun.security.ssl.SSLEngineImpl$DelegatedTask$DelegatedAction.run(SSLEngineImpl.java:1068) ~[?:?]
	at java.security.AccessController.doPrivileged(Native Method) ~[?:?]
	at sun.security.ssl.SSLEngineImpl$DelegatedTask.run(SSLEngineImpl.java:1015) ~[?:?]
	at io.netty.handler.ssl.SslHandler.runDelegatedTasks(SslHandler.java:1123) ~[browsermob-dist-2.1.4.jar:?]
	at io.netty.handler.ssl.SslHandler.unwrap(SslHandler.java:1008) ~[browsermob-dist-2.1.4.jar:?]
	at io.netty.handler.ssl.SslHandler.decode(SslHandler.java:902) ~[browsermob-dist-2.1.4.jar:?]
	at io.netty.handler.codec.ByteToMessageDecoder.callDecode(ByteToMessageDecoder.java:411) ~[browsermob-dist-2.1.4.jar:?]
	... 15 more
Caused by: sun.security.validator.ValidatorException: PKIX path validation failed: java.security.cert.CertPathValidatorException: validity check failed
	at sun.security.validator.PKIXValidator.doValidate(PKIXValidator.java:369) ~[?:?]
	at sun.security.validator.PKIXValidator.engineValidate(PKIXValidator.java:275) ~[?:?]
	at sun.security.validator.Validator.validate(Validator.java:264) ~[?:?]
	at sun.security.ssl.X509TrustManagerImpl.validate(X509TrustManagerImpl.java:313) ~[?:?]
	at sun.security.ssl.X509TrustManagerImpl.checkTrusted(X509TrustManagerImpl.java:276) ~[?:?]
	at sun.security.ssl.X509TrustManagerImpl.checkServerTrusted(X509TrustManagerImpl.java:141) ~[?:?]
	at sun.security.ssl.CertificateMessage$T12CertificateConsumer.checkServerCerts(CertificateMessage.java:632) ~[?:?]
	at sun.security.ssl.CertificateMessage$T12CertificateConsumer.onCertificate(CertificateMessage.java:473) ~[?:?]
	at sun.security.ssl.CertificateMessage$T12CertificateConsumer.consume(CertificateMessage.java:369) ~[?:?]
	at sun.security.ssl.SSLHandshake.consume(SSLHandshake.java:392) ~[?:?]
	at sun.security.ssl.HandshakeContext.dispatch(HandshakeContext.java:478) ~[?:?]
	at sun.security.ssl.SSLEngineImpl$DelegatedTask$DelegatedAction.run(SSLEngineImpl.java:1081) ~[?:?]
	at sun.security.ssl.SSLEngineImpl$DelegatedTask$DelegatedAction.run(SSLEngineImpl.java:1068) ~[?:?]
	at java.security.AccessController.doPrivileged(Native Method) ~[?:?]
	at sun.security.ssl.SSLEngineImpl$DelegatedTask.run(SSLEngineImpl.java:1015) ~[?:?]
	at io.netty.handler.ssl.SslHandler.runDelegatedTasks(SslHandler.java:1123) ~[browsermob-dist-2.1.4.jar:?]
	at io.netty.handler.ssl.SslHandler.unwrap(SslHandler.java:1008) ~[browsermob-dist-2.1.4.jar:?]
	at io.netty.handler.ssl.SslHandler.decode(SslHandler.java:902) ~[browsermob-dist-2.1.4.jar:?]
	at io.netty.handler.codec.ByteToMessageDecoder.callDecode(ByteToMessageDecoder.java:411) ~[browsermob-dist-2.1.4.jar:?]
	... 15 more
Caused by: java.security.cert.CertPathValidatorException: validity check failed
	at sun.security.provider.certpath.PKIXMasterCertPathValidator.validate(PKIXMasterCertPathValidator.java:135) ~[?:?]
	at sun.security.provider.certpath.PKIXCertPathValidator.validate(PKIXCertPathValidator.java:224) ~[?:?]
	at sun.security.provider.certpath.PKIXCertPathValidator.validate(PKIXCertPathValidator.java:144) ~[?:?]
	at sun.security.provider.certpath.PKIXCertPathValidator.engineValidate(PKIXCertPathValidator.java:83) ~[?:?]
	at java.security.cert.CertPathValidator.validate(CertPathValidator.java:309) ~[?:?]
	at sun.security.validator.PKIXValidator.doValidate(PKIXValidator.java:364) ~[?:?]
	at sun.security.validator.PKIXValidator.engineValidate(PKIXValidator.java:275) ~[?:?]
	at sun.security.validator.Validator.validate(Validator.java:264) ~[?:?]
	at sun.security.ssl.X509TrustManagerImpl.validate(X509TrustManagerImpl.java:313) ~[?:?]
	at sun.security.ssl.X509TrustManagerImpl.checkTrusted(X509TrustManagerImpl.java:276) ~[?:?]
	at sun.security.ssl.X509TrustManagerImpl.checkServerTrusted(X509TrustManagerImpl.java:141) ~[?:?]
	at sun.security.ssl.CertificateMessage$T12CertificateConsumer.checkServerCerts(CertificateMessage.java:632) ~[?:?]
	at sun.security.ssl.CertificateMessage$T12CertificateConsumer.onCertificate(CertificateMessage.java:473) ~[?:?]
	at sun.security.ssl.CertificateMessage$T12CertificateConsumer.consume(CertificateMessage.java:369) ~[?:?]
	at sun.security.ssl.SSLHandshake.consume(SSLHandshake.java:392) ~[?:?]
	at sun.security.ssl.HandshakeContext.dispatch(HandshakeContext.java:478) ~[?:?]
	at sun.security.ssl.SSLEngineImpl$DelegatedTask$DelegatedAction.run(SSLEngineImpl.java:1081) ~[?:?]
	at sun.security.ssl.SSLEngineImpl$DelegatedTask$DelegatedAction.run(SSLEngineImpl.java:1068) ~[?:?]
	at java.security.AccessController.doPrivileged(Native Method) ~[?:?]
	at sun.security.ssl.SSLEngineImpl$DelegatedTask.run(SSLEngineImpl.java:1015) ~[?:?]
	at io.netty.handler.ssl.SslHandler.runDelegatedTasks(SslHandler.java:1123) ~[browsermob-dist-2.1.4.jar:?]
	at io.netty.handler.ssl.SslHandler.unwrap(SslHandler.java:1008) ~[browsermob-dist-2.1.4.jar:?]
	at io.netty.handler.ssl.SslHandler.decode(SslHandler.java:902) ~[browsermob-dist-2.1.4.jar:?]
	at io.netty.handler.codec.ByteToMessageDecoder.callDecode(ByteToMessageDecoder.java:411) ~[browsermob-dist-2.1.4.jar:?]
	... 15 more
Caused by: java.security.cert.CertificateExpiredException: NotAfter: Wed Aug 18 22:24:45 ICT 2021
	at sun.security.x509.CertificateValidity.valid(CertificateValidity.java:277) ~[?:?]
	at sun.security.x509.X509CertImpl.checkValidity(X509CertImpl.java:683) ~[?:?]
	at sun.security.provider.certpath.BasicChecker.verifyValidity(BasicChecker.java:190) ~[?:?]
	at sun.security.provider.certpath.BasicChecker.check(BasicChecker.java:144) ~[?:?]
	at sun.security.provider.certpath.PKIXMasterCertPathValidator.validate(PKIXMasterCertPathValidator.java:125) ~[?:?]
	at sun.security.provider.certpath.PKIXCertPathValidator.validate(PKIXCertPathValidator.java:224) ~[?:?]
	at sun.security.provider.certpath.PKIXCertPathValidator.validate(PKIXCertPathValidator.java:144) ~[?:?]
	at sun.security.provider.certpath.PKIXCertPathValidator.engineValidate(PKIXCertPathValidator.java:83) ~[?:?]
	at java.security.cert.CertPathValidator.validate(CertPathValidator.java:309) ~[?:?]
	at sun.security.validator.PKIXValidator.doValidate(PKIXValidator.java:364) ~[?:?]
	at sun.security.validator.PKIXValidator.engineValidate(PKIXValidator.java:275) ~[?:?]
	at sun.security.validator.Validator.validate(Validator.java:264) ~[?:?]
	at sun.security.ssl.X509TrustManagerImpl.validate(X509TrustManagerImpl.java:313) ~[?:?]
	at sun.security.ssl.X509TrustManagerImpl.checkTrusted(X509TrustManagerImpl.java:276) ~[?:?]
	at sun.security.ssl.X509TrustManagerImpl.checkServerTrusted(X509TrustManagerImpl.java:141) ~[?:?]
	at sun.security.ssl.CertificateMessage$T12CertificateConsumer.checkServerCerts(CertificateMessage.java:632) ~[?:?]
	at sun.security.ssl.CertificateMessage$T12CertificateConsumer.onCertificate(CertificateMessage.java:473) ~[?:?]
	at sun.security.ssl.CertificateMessage$T12CertificateConsumer.consume(CertificateMessage.java:369) ~[?:?]
	at sun.security.ssl.SSLHandshake.consume(SSLHandshake.java:392) ~[?:?]
	at sun.security.ssl.HandshakeContext.dispatch(HandshakeContext.java:478) ~[?:?]
	at sun.security.ssl.SSLEngineImpl$DelegatedTask$DelegatedAction.run(SSLEngineImpl.java:1081) ~[?:?]
	at sun.security.ssl.SSLEngineImpl$DelegatedTask$DelegatedAction.run(SSLEngineImpl.java:1068) ~[?:?]
	at java.security.AccessController.doPrivileged(Native Method) ~[?:?]
	at sun.security.ssl.SSLEngineImpl$DelegatedTask.run(SSLEngineImpl.java:1015) ~[?:?]
	at io.netty.handler.ssl.SslHandler.runDelegatedTasks(SslHandler.java:1123) ~[browsermob-dist-2.1.4.jar:?]
	at io.netty.handler.ssl.SslHandler.unwrap(SslHandler.java:1008) ~[browsermob-dist-2.1.4.jar:?]
	at io.netty.handler.ssl.SslHandler.decode(SslHandler.java:902) ~[browsermob-dist-2.1.4.jar:?]
	at io.netty.handler.codec.ByteToMessageDecoder.callDecode(ByteToMessageDecoder.java:411) ~[browsermob-dist-2.1.4.jar:?]
	... 15 more

[INFO  2021-08-21T14:33:46,636 org.littleshoot.proxy.impl.ClientToProxyConnection] (LittleProxy-0-ClientToProxyWorker-6) (AWAITING_INITIAL) [id: 0x30052083, L:/0:0:0:0:0:0:0:1:8081 - R:/0:0:0:0:0:0:0:1:63151]: An IOException occurred on ClientToProxyConnection: An existing connection was forcibly closed by the remote host 
